Determining if the pthread_create exist failed with the following output:
Change Dir: /home/ros18/KI/ros_robotics/excercise_1/catkin_ws/build/CMakeFiles/CMakeTmp

Run Build Command:"/usr/bin/make" "cmTC_58912/fast"
/usr/bin/make -f CMakeFiles/cmTC_58912.dir/build.make CMakeFiles/cmTC_58912.dir/build
make[1]: Entering directory '/home/ros18/KI/ros_robotics/excercise_1/catkin_ws/build/CMakeFiles/CMakeTmp'
Building C object CMakeFiles/cmTC_58912.dir/CheckSymbolExists.c.o
/usr/bin/cc    -o CMakeFiles/cmTC_58912.dir/CheckSymbolExists.c.o   -c /home/ros18/KI/ros_robotics/excercise_1/catkin_ws/build/CMakeFiles/CMakeTmp/CheckSymbolExists.c
Linking C executable cmTC_58912
/usr/bin/cmake -E cmake_link_script CMakeFiles/cmTC_58912.dir/link.txt --verbose=1
/usr/bin/cc      -rdynamic CMakeFiles/cmTC_58912.dir/CheckSymbolExists.c.o  -o cmTC_58912 
CMakeFiles/cmTC_58912.dir/CheckSymbolExists.c.o: In function `main':
CheckSymbolExists.c:(.text+0x1b): undefined reference to `pthread_create'
collect2: error: ld returned 1 exit status
CMakeFiles/cmTC_58912.dir/build.make:97: recipe for target 'cmTC_58912' failed
make[1]: *** [cmTC_58912] Error 1
make[1]: Leaving directory '/home/ros18/KI/ros_robotics/excercise_1/catkin_ws/build/CMakeFiles/CMakeTmp'
Makefile:126: recipe for target 'cmTC_58912/fast' failed
make: *** [cmTC_58912/fast] Error 2

File /home/ros18/KI/ros_robotics/excercise_1/catkin_ws/build/CMakeFiles/CMakeTmp/CheckSymbolExists.c:
/* */
#include <pthread.h>

int main(int argc, char** argv)
{
  (void)argv;
#ifndef pthread_create
  return ((int*)(&pthread_create))[argc];
#else
  (void)argc;
  return 0;
#endif
}

Determining if the function pthread_create exists in the pthreads failed with the following output:
Change Dir: /home/ros18/KI/ros_robotics/excercise_1/catkin_ws/build/CMakeFiles/CMakeTmp

Run Build Command:"/usr/bin/make" "cmTC_727be/fast"
/usr/bin/make -f CMakeFiles/cmTC_727be.dir/build.make CMakeFiles/cmTC_727be.dir/build
make[1]: Entering directory '/home/ros18/KI/ros_robotics/excercise_1/catkin_ws/build/CMakeFiles/CMakeTmp'
Building C object CMakeFiles/cmTC_727be.dir/CheckFunctionExists.c.o
/usr/bin/cc   -DCHECK_FUNCTION_EXISTS=pthread_create   -o CMakeFiles/cmTC_727be.dir/CheckFunctionExists.c.o   -c /usr/share/cmake-3.10/Modules/CheckFunctionExists.c
Linking C executable cmTC_727be
/usr/bin/cmake -E cmake_link_script CMakeFiles/cmTC_727be.dir/link.txt --verbose=1
/usr/bin/cc  -DCHECK_FUNCTION_EXISTS=pthread_create    -rdynamic CMakeFiles/cmTC_727be.dir/CheckFunctionExists.c.o  -o cmTC_727be -lpthreads 
/usr/bin/ld: cannot find -lpthreads
collect2: error: ld returned 1 exit status
CMakeFiles/cmTC_727be.dir/build.make:97: recipe for target 'cmTC_727be' failed
make[1]: *** [cmTC_727be] Error 1
make[1]: Leaving directory '/home/ros18/KI/ros_robotics/excercise_1/catkin_ws/build/CMakeFiles/CMakeTmp'
Makefile:126: recipe for target 'cmTC_727be/fast' failed
make: *** [cmTC_727be/fast] Error 2


